2025-12-21 22:19:56 [main] INFO  com.flower.parser.test.ParserTest - 初始化测试环境...
2025-12-21 22:19:56 [main] INFO  com.flower.parser.ParserManager - 初始化解析管理器...
2025-12-21 22:19:56 [main] INFO  com.flower.parser.ParserManager - 解析管理器初始化完成
2025-12-21 22:19:56 [main] INFO  com.flower.parser.test.ParserTest - 测试环境初始化完成
2025-12-21 22:19:56 [main] INFO  com.flower.parser.test.ParserTest - 测试解析管理器初始化...
2025-12-21 22:19:56 [main] INFO  com.flower.parser.ParserManager - 初始化解析管理器...
2025-12-21 22:19:56 [main] INFO  com.flower.parser.ParserManager - 解析管理器初始化完成
2025-12-21 22:19:56 [main] INFO  com.flower.parser.test.ParserTest - 解析管理器初始化测试完成
2025-12-21 22:19:56 [main] INFO  com.flower.parser.test.ParserTest - 初始化测试环境...
2025-12-21 22:19:56 [main] INFO  com.flower.parser.ParserManager - 初始化解析管理器...
2025-12-21 22:19:56 [main] INFO  com.flower.parser.ParserManager - 解析管理器初始化完成
2025-12-21 22:19:56 [main] INFO  com.flower.parser.test.ParserTest - 测试环境初始化完成
2025-12-21 22:19:56 [main] INFO  com.flower.parser.test.ParserTest - 测试平台检测功能...
2025-12-21 22:19:56 [main] INFO  com.flower.parser.test.ParserTest - 小红书URL检测结果: 小红书
2025-12-21 22:19:56 [main] INFO  com.flower.parser.test.ParserTest - 微博URL检测结果: 微博
2025-12-21 22:19:56 [main] INFO  com.flower.parser.test.ParserTest - 抖音URL检测结果: 抖音
2025-12-21 22:19:56 [main] INFO  com.flower.parser.test.ParserTest - 平台检测功能测试完成
2025-12-21 22:19:56 [main] INFO  com.flower.parser.test.ParserTest - 初始化测试环境...
2025-12-21 22:19:56 [main] INFO  com.flower.parser.ParserManager - 初始化解析管理器...
2025-12-21 22:19:56 [main] INFO  com.flower.parser.ParserManager - 解析管理器初始化完成
2025-12-21 22:19:56 [main] INFO  com.flower.parser.test.ParserTest - 测试环境初始化完成
2025-12-21 22:19:56 [main] INFO  com.flower.parser.test.ParserTest - 测试短链接处理功能...
2025-12-21 22:19:56 [main] INFO  com.flower.parser.test.ParserTest - 长链接处理结果: https://www.xiaohongshu.com/explore/6682c4b8000000000a03a78e
2025-12-21 22:19:57 [main] INFO  com.flower.parser.utils.HttpUtil - 短链接重定向结果(尝试1): 原始URL=https://xhslink.com/abc123, 最终URL=https://xhslink.com/abc123, 响应状态码=500
2025-12-21 22:19:59 [main] INFO  com.flower.parser.utils.HttpUtil - 短链接重定向结果(尝试2): 原始URL=https://xhslink.com/abc123, 最终URL=https://xhslink.com/abc123, 响应状态码=404
2025-12-21 22:20:01 [main] INFO  com.flower.parser.utils.HttpUtil - 短链接重定向结果(尝试3): 原始URL=https://xhslink.com/abc123, 最终URL=https://xhslink.com/abc123, 响应状态码=500
2025-12-21 22:20:01 [main] ERROR com.flower.parser.utils.HttpUtil - 所有重试都失败了，无法处理短链接: https://xhslink.com/abc123
2025-12-21 22:20:01 [main] INFO  com.flower.parser.test.ParserTest - 短链接处理结果: https://xhslink.com/abc123
2025-12-21 22:20:01 [main] INFO  com.flower.parser.test.ParserTest - 短链接处理功能测试完成
2025-12-21 22:20:01 [main] INFO  com.flower.parser.test.ParserTest - 初始化测试环境...
2025-12-21 22:20:01 [main] INFO  com.flower.parser.ParserManager - 初始化解析管理器...
2025-12-21 22:20:01 [main] INFO  com.flower.parser.ParserManager - 解析管理器初始化完成
2025-12-21 22:20:01 [main] INFO  com.flower.parser.test.ParserTest - 测试环境初始化完成
2025-12-21 22:20:01 [main] INFO  com.flower.parser.test.ParserTest - 测试无效URL处理...
2025-12-21 22:20:01 [main] ERROR com.flower.parser.ParserManager - 无效的URL: 未提供URL
2025-12-21 22:20:01 [main] ERROR com.flower.parser.ParserManager - 无效的URL: 未提供URL
2025-12-21 22:20:01 [main] INFO  com.flower.parser.test.ParserTest - 无效URL处理测试完成
2025-12-21 22:21:55 [main] INFO  com.flower.parser.test.ParserTest - 初始化测试环境...
2025-12-21 22:21:55 [main] INFO  com.flower.parser.ParserManager - 初始化解析管理器...
2025-12-21 22:21:55 [main] INFO  com.flower.parser.ParserManager - 解析管理器初始化完成
2025-12-21 22:21:55 [main] INFO  com.flower.parser.test.ParserTest - 测试环境初始化完成
2025-12-21 22:21:55 [main] INFO  com.flower.parser.test.ParserTest - 测试解析管理器初始化...
2025-12-21 22:21:55 [main] INFO  com.flower.parser.ParserManager - 初始化解析管理器...
2025-12-21 22:21:55 [main] INFO  com.flower.parser.ParserManager - 解析管理器初始化完成
2025-12-21 22:21:55 [main] INFO  com.flower.parser.test.ParserTest - 解析管理器初始化测试完成
2025-12-21 22:21:55 [main] INFO  com.flower.parser.test.ParserTest - 初始化测试环境...
2025-12-21 22:21:55 [main] INFO  com.flower.parser.ParserManager - 初始化解析管理器...
2025-12-21 22:21:55 [main] INFO  com.flower.parser.ParserManager - 解析管理器初始化完成
2025-12-21 22:21:55 [main] INFO  com.flower.parser.test.ParserTest - 测试环境初始化完成
2025-12-21 22:21:55 [main] INFO  com.flower.parser.test.ParserTest - 测试平台检测功能...
2025-12-21 22:21:55 [main] INFO  com.flower.parser.test.ParserTest - 小红书URL检测结果: 小红书
2025-12-21 22:21:55 [main] INFO  com.flower.parser.test.ParserTest - 微博URL检测结果: 微博
2025-12-21 22:21:55 [main] INFO  com.flower.parser.test.ParserTest - 抖音URL检测结果: 抖音
2025-12-21 22:21:55 [main] INFO  com.flower.parser.test.ParserTest - 平台检测功能测试完成
2025-12-21 22:21:55 [main] INFO  com.flower.parser.test.ParserTest - 初始化测试环境...
2025-12-21 22:21:55 [main] INFO  com.flower.parser.ParserManager - 初始化解析管理器...
2025-12-21 22:21:55 [main] INFO  com.flower.parser.ParserManager - 解析管理器初始化完成
2025-12-21 22:21:55 [main] INFO  com.flower.parser.test.ParserTest - 测试环境初始化完成
2025-12-21 22:21:55 [main] INFO  com.flower.parser.test.ParserTest - 测试短链接处理功能...
2025-12-21 22:21:55 [main] INFO  com.flower.parser.test.ParserTest - 长链接处理结果: https://www.xiaohongshu.com/explore/6682c4b8000000000a03a78e
2025-12-21 22:21:56 [main] INFO  com.flower.parser.utils.HttpUtil - 短链接重定向结果(尝试1): 原始URL=https://xhslink.com/abc123, 最终URL=https://xhslink.com/abc123, 响应状态码=500
2025-12-21 22:21:58 [main] INFO  com.flower.parser.utils.HttpUtil - 短链接重定向结果(尝试2): 原始URL=https://xhslink.com/abc123, 最终URL=https://xhslink.com/abc123, 响应状态码=500
2025-12-21 22:22:00 [main] INFO  com.flower.parser.utils.HttpUtil - 短链接重定向结果(尝试3): 原始URL=https://xhslink.com/abc123, 最终URL=https://xhslink.com/abc123, 响应状态码=500
2025-12-21 22:22:00 [main] ERROR com.flower.parser.utils.HttpUtil - 所有重试都失败了，无法处理短链接: https://xhslink.com/abc123
2025-12-21 22:22:00 [main] INFO  com.flower.parser.test.ParserTest - 短链接处理结果: https://xhslink.com/abc123
2025-12-21 22:22:00 [main] INFO  com.flower.parser.test.ParserTest - 短链接处理功能测试完成
2025-12-21 22:22:00 [main] INFO  com.flower.parser.test.ParserTest - 初始化测试环境...
2025-12-21 22:22:00 [main] INFO  com.flower.parser.ParserManager - 初始化解析管理器...
2025-12-21 22:22:00 [main] INFO  com.flower.parser.ParserManager - 解析管理器初始化完成
2025-12-21 22:22:00 [main] INFO  com.flower.parser.test.ParserTest - 测试环境初始化完成
2025-12-21 22:22:00 [main] INFO  com.flower.parser.test.ParserTest - 测试无效URL处理...
2025-12-21 22:22:00 [main] ERROR com.flower.parser.ParserManager - 无效的URL: 未提供URL
2025-12-21 22:22:00 [main] ERROR com.flower.parser.ParserManager - 无效的URL: 未提供URL
2025-12-21 22:22:00 [main] INFO  com.flower.parser.test.ParserTest - 无效URL处理测试完成
2025-12-21 22:23:33 [main] INFO  com.flower.parser.test.ParserTest - 初始化测试环境...
2025-12-21 22:23:33 [main] INFO  com.flower.parser.ParserManager - 初始化解析管理器...
2025-12-21 22:23:33 [main] INFO  com.flower.parser.ParserManager - 解析管理器初始化完成
2025-12-21 22:23:33 [main] INFO  com.flower.parser.test.ParserTest - 测试环境初始化完成
2025-12-21 22:23:33 [main] INFO  com.flower.parser.test.ParserTest - 测试解析管理器初始化...
2025-12-21 22:23:33 [main] INFO  com.flower.parser.ParserManager - 初始化解析管理器...
2025-12-21 22:23:33 [main] INFO  com.flower.parser.ParserManager - 解析管理器初始化完成
2025-12-21 22:23:33 [main] INFO  com.flower.parser.test.ParserTest - 解析管理器初始化测试完成
2025-12-21 22:23:33 [main] INFO  com.flower.parser.test.ParserTest - 初始化测试环境...
2025-12-21 22:23:33 [main] INFO  com.flower.parser.ParserManager - 初始化解析管理器...
2025-12-21 22:23:33 [main] INFO  com.flower.parser.ParserManager - 解析管理器初始化完成
2025-12-21 22:23:33 [main] INFO  com.flower.parser.test.ParserTest - 测试环境初始化完成
2025-12-21 22:23:33 [main] INFO  com.flower.parser.test.ParserTest - 测试平台检测功能...
2025-12-21 22:23:33 [main] INFO  com.flower.parser.test.ParserTest - 小红书URL检测结果: 小红书
2025-12-21 22:23:33 [main] INFO  com.flower.parser.test.ParserTest - 微博URL检测结果: 微博
2025-12-21 22:23:33 [main] INFO  com.flower.parser.test.ParserTest - 抖音URL检测结果: 抖音
2025-12-21 22:23:33 [main] INFO  com.flower.parser.test.ParserTest - 平台检测功能测试完成
2025-12-21 22:23:33 [main] INFO  com.flower.parser.test.ParserTest - 初始化测试环境...
2025-12-21 22:23:33 [main] INFO  com.flower.parser.ParserManager - 初始化解析管理器...
2025-12-21 22:23:33 [main] INFO  com.flower.parser.ParserManager - 解析管理器初始化完成
2025-12-21 22:23:33 [main] INFO  com.flower.parser.test.ParserTest - 测试环境初始化完成
2025-12-21 22:23:33 [main] INFO  com.flower.parser.test.ParserTest - 测试短链接处理功能...
2025-12-21 22:23:33 [main] INFO  com.flower.parser.test.ParserTest - 长链接处理结果: https://www.xiaohongshu.com/explore/6682c4b8000000000a03a78e
2025-12-21 22:23:33 [main] INFO  com.flower.parser.utils.HttpUtil - 短链接重定向结果(尝试1): 原始URL=https://xhslink.com/abc123, 最终URL=https://xhslink.com/abc123, 响应状态码=500
2025-12-21 22:23:35 [main] INFO  com.flower.parser.utils.HttpUtil - 短链接重定向结果(尝试2): 原始URL=https://xhslink.com/abc123, 最终URL=https://xhslink.com/abc123, 响应状态码=500
2025-12-21 22:23:37 [main] INFO  com.flower.parser.utils.HttpUtil - 短链接重定向结果(尝试3): 原始URL=https://xhslink.com/abc123, 最终URL=https://xhslink.com/abc123, 响应状态码=404
2025-12-21 22:23:37 [main] ERROR com.flower.parser.utils.HttpUtil - 所有重试都失败了，无法处理短链接: https://xhslink.com/abc123
2025-12-21 22:23:37 [main] INFO  com.flower.parser.test.ParserTest - 短链接处理结果: https://xhslink.com/abc123
2025-12-21 22:23:37 [main] INFO  com.flower.parser.test.ParserTest - 短链接处理功能测试完成
2025-12-21 22:23:37 [main] INFO  com.flower.parser.test.ParserTest - 初始化测试环境...
2025-12-21 22:23:37 [main] INFO  com.flower.parser.ParserManager - 初始化解析管理器...
2025-12-21 22:23:37 [main] INFO  com.flower.parser.ParserManager - 解析管理器初始化完成
2025-12-21 22:23:37 [main] INFO  com.flower.parser.test.ParserTest - 测试环境初始化完成
2025-12-21 22:23:37 [main] INFO  com.flower.parser.test.ParserTest - 测试无效URL处理...
2025-12-21 22:23:37 [main] ERROR com.flower.parser.ParserManager - 无效的URL: 未提供URL
2025-12-21 22:23:37 [main] ERROR com.flower.parser.ParserManager - 无效的URL: 未提供URL
2025-12-21 22:23:37 [main] INFO  com.flower.parser.test.ParserTest - 无效URL处理测试完成
2025-12-21 22:29:37 [main] INFO  com.flower.parser.test.ParserTest - 初始化测试环境...
2025-12-21 22:29:37 [main] INFO  com.flower.parser.ParserManager - 初始化解析管理器...
2025-12-21 22:29:37 [main] INFO  com.flower.parser.ParserManager - 解析管理器初始化完成
2025-12-21 22:29:37 [main] INFO  com.flower.parser.test.ParserTest - 测试环境初始化完成
2025-12-21 22:29:37 [main] INFO  com.flower.parser.test.ParserTest - 测试解析管理器初始化...
2025-12-21 22:29:37 [main] INFO  com.flower.parser.ParserManager - 初始化解析管理器...
2025-12-21 22:29:37 [main] INFO  com.flower.parser.ParserManager - 解析管理器初始化完成
2025-12-21 22:29:37 [main] INFO  com.flower.parser.test.ParserTest - 解析管理器初始化测试完成
2025-12-21 22:29:37 [main] INFO  com.flower.parser.test.ParserTest - 初始化测试环境...
2025-12-21 22:29:37 [main] INFO  com.flower.parser.ParserManager - 初始化解析管理器...
2025-12-21 22:29:37 [main] INFO  com.flower.parser.ParserManager - 解析管理器初始化完成
2025-12-21 22:29:37 [main] INFO  com.flower.parser.test.ParserTest - 测试环境初始化完成
2025-12-21 22:29:37 [main] INFO  com.flower.parser.test.ParserTest - 测试平台检测功能...
2025-12-21 22:29:37 [main] INFO  com.flower.parser.test.ParserTest - 小红书URL检测结果: 小红书
2025-12-21 22:29:37 [main] INFO  com.flower.parser.test.ParserTest - 微博URL检测结果: 微博
2025-12-21 22:29:37 [main] INFO  com.flower.parser.test.ParserTest - 抖音URL检测结果: 抖音
2025-12-21 22:29:37 [main] INFO  com.flower.parser.test.ParserTest - 平台检测功能测试完成
2025-12-21 22:29:37 [main] INFO  com.flower.parser.test.ParserTest - 初始化测试环境...
2025-12-21 22:29:37 [main] INFO  com.flower.parser.ParserManager - 初始化解析管理器...
2025-12-21 22:29:37 [main] INFO  com.flower.parser.ParserManager - 解析管理器初始化完成
2025-12-21 22:29:37 [main] INFO  com.flower.parser.test.ParserTest - 测试环境初始化完成
2025-12-21 22:29:37 [main] INFO  com.flower.parser.test.ParserTest - 测试短链接处理功能...
2025-12-21 22:29:37 [main] INFO  com.flower.parser.test.ParserTest - 长链接处理结果: https://www.xiaohongshu.com/explore/6682c4b8000000000a03a78e
2025-12-21 22:29:39 [main] INFO  com.flower.parser.utils.HttpUtil - 短链接重定向结果(尝试1): 原始URL=https://xhslink.com/abc123, 最终URL=https://xhslink.com/abc123, 响应状态码=500
2025-12-21 22:29:41 [main] INFO  com.flower.parser.utils.HttpUtil - 短链接重定向结果(尝试2): 原始URL=https://xhslink.com/abc123, 最终URL=https://xhslink.com/abc123, 响应状态码=500
2025-12-21 22:29:43 [main] INFO  com.flower.parser.utils.HttpUtil - 短链接重定向结果(尝试3): 原始URL=https://xhslink.com/abc123, 最终URL=https://xhslink.com/abc123, 响应状态码=500
2025-12-21 22:29:43 [main] ERROR com.flower.parser.utils.HttpUtil - 所有重试都失败了，无法处理短链接: https://xhslink.com/abc123
2025-12-21 22:29:43 [main] INFO  com.flower.parser.test.ParserTest - 短链接处理结果: https://xhslink.com/abc123
2025-12-21 22:29:43 [main] INFO  com.flower.parser.test.ParserTest - 短链接处理功能测试完成
2025-12-21 22:29:43 [main] INFO  com.flower.parser.test.ParserTest - 初始化测试环境...
2025-12-21 22:29:43 [main] INFO  com.flower.parser.ParserManager - 初始化解析管理器...
2025-12-21 22:29:43 [main] INFO  com.flower.parser.ParserManager - 解析管理器初始化完成
2025-12-21 22:29:43 [main] INFO  com.flower.parser.test.ParserTest - 测试环境初始化完成
2025-12-21 22:29:43 [main] INFO  com.flower.parser.test.ParserTest - 测试无效URL处理...
2025-12-21 22:29:43 [main] ERROR com.flower.parser.ParserManager - 无效的URL: 未提供URL
2025-12-21 22:29:43 [main] ERROR com.flower.parser.ParserManager - 无效的URL: 未提供URL
2025-12-21 22:29:43 [main] INFO  com.flower.parser.test.ParserTest - 无效URL处理测试完成
2025-12-21 23:45:36 [main] INFO  com.flower.parser.test.ParserTest - 初始化测试环境...
2025-12-21 23:45:36 [main] INFO  com.flower.parser.ParserManager - 初始化解析管理器...
2025-12-21 23:45:36 [main] INFO  com.flower.parser.ParserManager - 解析管理器初始化完成
2025-12-21 23:45:36 [main] INFO  com.flower.parser.test.ParserTest - 测试环境初始化完成
2025-12-21 23:45:36 [main] INFO  com.flower.parser.test.ParserTest - 测试微博解析功能...
2025-12-21 23:45:36 [main] INFO  com.flower.parser.ParserManager - 解析开始~原地址: https://weibo.com/1234567890/O8DM0BLLm
2025-12-21 23:45:36 [main] INFO  com.flower.parser.ParserManager - 检测到微博平台，开始解析
2025-12-21 23:45:36 [main] ERROR c.f.parser.executor.WeiboExecutor - weibo cookie未设置  当前不执行解析
2025-12-21 23:45:36 [main] INFO  com.flower.parser.ParserManager - 解析结束~
2025-12-21 23:45:36 [main] INFO  com.flower.parser.test.ParserTest - 微博解析测试完成
2025-12-21 23:45:36 [main] INFO  com.flower.parser.test.ParserTest - 初始化测试环境...
2025-12-21 23:45:36 [main] INFO  com.flower.parser.ParserManager - 初始化解析管理器...
2025-12-21 23:45:36 [main] INFO  com.flower.parser.ParserManager - 解析管理器初始化完成
2025-12-21 23:45:36 [main] INFO  com.flower.parser.test.ParserTest - 测试环境初始化完成
2025-12-21 23:45:36 [main] INFO  com.flower.parser.test.ParserTest - 测试小红书解析功能...
2025-12-21 23:45:36 [main] INFO  com.flower.parser.ParserManager - 解析开始~原地址: https://www.xiaohongshu.com/explore/6682c4b8000000000a03a78e
2025-12-21 23:45:36 [main] INFO  com.flower.parser.ParserManager - 检测到小红书平台，开始解析
2025-12-21 23:45:36 [main] INFO  c.f.parser.executor.HongShuExecutor - 开始处理小红书URL: https://www.xiaohongshu.com/explore/6682c4b8000000000a03a78e
2025-12-21 23:45:36 [main] INFO  c.f.parser.executor.HongShuExecutor - 发送HTTP请求获取页面内容
2025-12-21 23:45:36 [main] INFO  c.f.parser.executor.HongShuExecutor - 成功获取页面内容，长度: 337211
2025-12-21 23:45:36 [main] ERROR com.flower.parser.test.ParserTest - 小红书解析测试异常: Illegal repetition near index 34
window\.__INITIAL_STATE__\s*=\s*({[\s\S]*?});\s*</script>
                                  ^
java.util.regex.PatternSyntaxException: Illegal repetition near index 34
window\.__INITIAL_STATE__\s*=\s*({[\s\S]*?});\s*</script>
                                  ^
	at java.base/java.util.regex.Pattern.error(Pattern.java:2205)
	at java.base/java.util.regex.Pattern.closure(Pattern.java:3489)
	at java.base/java.util.regex.Pattern.sequence(Pattern.java:2391)
	at java.base/java.util.regex.Pattern.expr(Pattern.java:2246)
	at java.base/java.util.regex.Pattern.group0(Pattern.java:3230)
	at java.base/java.util.regex.Pattern.sequence(Pattern.java:2301)
	at java.base/java.util.regex.Pattern.expr(Pattern.java:2246)
	at java.base/java.util.regex.Pattern.compile(Pattern.java:1946)
	at java.base/java.util.regex.Pattern.<init>(Pattern.java:1577)
	at java.base/java.util.regex.Pattern.compile(Pattern.java:1135)
	at com.flower.parser.executor.HongShuExecutor.extractJsonString(HongShuExecutor.java:239)
	at com.flower.parser.executor.HongShuExecutor.dataExecutor(HongShuExecutor.java:75)
	at com.flower.parser.ParserManager.parseUrl(ParserManager.java:61)
	at com.flower.parser.test.ParserTest.testHongShuParse(ParserTest.java:120)
	at java.base/jdk.internal.reflect.DirectMethodHandleAccessor.invoke(DirectMethodHandleAccessor.java:104)
	at java.base/java.lang.reflect.Method.invoke(Method.java:565)
	at org.junit.runners.model.FrameworkMethod$1.runReflectiveCall(FrameworkMethod.java:59)
	at org.junit.internal.runners.model.ReflectiveCallable.run(ReflectiveCallable.java:12)
	at org.junit.runners.model.FrameworkMethod.invokeExplosively(FrameworkMethod.java:56)
	at org.junit.internal.runners.statements.InvokeMethod.evaluate(InvokeMethod.java:17)
	at org.junit.internal.runners.statements.RunBefores.evaluate(RunBefores.java:26)
	at org.junit.runners.ParentRunner$3.evaluate(ParentRunner.java:306)
	at org.junit.runners.BlockJUnit4ClassRunner$1.evaluate(BlockJUnit4ClassRunner.java:100)
	at org.junit.runners.ParentRunner.runLeaf(ParentRunner.java:366)
	at org.junit.runners.BlockJUnit4ClassRunner.runChild(BlockJUnit4ClassRunner.java:103)
	at org.junit.runners.BlockJUnit4ClassRunner.runChild(BlockJUnit4ClassRunner.java:63)
	at org.junit.runners.ParentRunner$4.run(ParentRunner.java:331)
	at org.junit.runners.ParentRunner$1.schedule(ParentRunner.java:79)
	at org.junit.runners.ParentRunner.runChildren(ParentRunner.java:329)
	at org.junit.runners.ParentRunner.access$100(ParentRunner.java:66)
	at org.junit.runners.ParentRunner$2.evaluate(ParentRunner.java:293)
	at org.junit.runners.ParentRunner$3.evaluate(ParentRunner.java:306)
	at org.junit.runners.ParentRunner.run(ParentRunner.java:413)
	at org.apache.maven.surefire.junit4.JUnit4Provider.execute(JUnit4Provider.java:316)
	at org.apache.maven.surefire.junit4.JUnit4Provider.executeWithRerun(JUnit4Provider.java:240)
	at org.apache.maven.surefire.junit4.JUnit4Provider.executeTestSet(JUnit4Provider.java:214)
	at org.apache.maven.surefire.junit4.JUnit4Provider.invoke(JUnit4Provider.java:155)
	at org.apache.maven.surefire.booter.ForkedBooter.runSuitesInProcess(ForkedBooter.java:385)
	at org.apache.maven.surefire.booter.ForkedBooter.execute(ForkedBooter.java:162)
	at org.apache.maven.surefire.booter.ForkedBooter.run(ForkedBooter.java:507)
	at org.apache.maven.surefire.booter.ForkedBooter.main(ForkedBooter.java:495)
2025-12-21 23:45:36 [main] INFO  com.flower.parser.test.ParserTest - 初始化测试环境...
2025-12-21 23:45:36 [main] INFO  com.flower.parser.ParserManager - 初始化解析管理器...
2025-12-21 23:45:36 [main] INFO  com.flower.parser.ParserManager - 解析管理器初始化完成
2025-12-21 23:45:36 [main] INFO  com.flower.parser.test.ParserTest - 测试环境初始化完成
2025-12-21 23:45:36 [main] INFO  com.flower.parser.test.ParserTest - 测试解析管理器初始化...
2025-12-21 23:45:36 [main] INFO  com.flower.parser.ParserManager - 初始化解析管理器...
2025-12-21 23:45:36 [main] INFO  com.flower.parser.ParserManager - 解析管理器初始化完成
2025-12-21 23:45:36 [main] INFO  com.flower.parser.test.ParserTest - 解析管理器初始化测试完成
2025-12-21 23:45:36 [main] INFO  com.flower.parser.test.ParserTest - 初始化测试环境...
2025-12-21 23:45:36 [main] INFO  com.flower.parser.ParserManager - 初始化解析管理器...
2025-12-21 23:45:36 [main] INFO  com.flower.parser.ParserManager - 解析管理器初始化完成
2025-12-21 23:45:36 [main] INFO  com.flower.parser.test.ParserTest - 测试环境初始化完成
2025-12-21 23:45:36 [main] INFO  com.flower.parser.test.ParserTest - 测试快手解析功能...
2025-12-21 23:45:36 [main] INFO  com.flower.parser.ParserManager - 解析开始~原地址: https://www.kuaishou.com/f/XsdfGhIjKlMn
2025-12-21 23:45:36 [main] INFO  com.flower.parser.ParserManager - 检测到快手平台，开始解析
2025-12-21 23:45:36 [main] INFO  c.f.parser.executor.KuaishouExecutor - 开始处理快手URL: https://www.kuaishou.com/f/XsdfGhIjKlMn
2025-12-21 23:45:36 [main] ERROR c.f.parser.executor.KuaishouExecutor - 快手URL ID解析错误
2025-12-21 23:45:36 [main] INFO  com.flower.parser.ParserManager - 解析结束~
2025-12-21 23:45:36 [main] INFO  com.flower.parser.test.ParserTest - 快手解析测试完成
2025-12-21 23:45:36 [main] INFO  com.flower.parser.test.ParserTest - 初始化测试环境...
2025-12-21 23:45:36 [main] INFO  com.flower.parser.ParserManager - 初始化解析管理器...
2025-12-21 23:45:36 [main] INFO  com.flower.parser.ParserManager - 解析管理器初始化完成
2025-12-21 23:45:36 [main] INFO  com.flower.parser.test.ParserTest - 测试环境初始化完成
2025-12-21 23:45:36 [main] INFO  com.flower.parser.test.ParserTest - 测试平台检测功能...
2025-12-21 23:45:36 [main] INFO  com.flower.parser.test.ParserTest - 小红书URL检测结果: 小红书
2025-12-21 23:45:36 [main] INFO  com.flower.parser.test.ParserTest - 微博URL检测结果: 微博
2025-12-21 23:45:36 [main] INFO  com.flower.parser.test.ParserTest - 抖音URL检测结果: 抖音
2025-12-21 23:45:36 [main] INFO  com.flower.parser.test.ParserTest - 平台检测功能测试完成
2025-12-21 23:45:36 [main] INFO  com.flower.parser.test.ParserTest - 初始化测试环境...
2025-12-21 23:45:36 [main] INFO  com.flower.parser.ParserManager - 初始化解析管理器...
2025-12-21 23:45:36 [main] INFO  com.flower.parser.ParserManager - 解析管理器初始化完成
2025-12-21 23:45:36 [main] INFO  com.flower.parser.test.ParserTest - 测试环境初始化完成
2025-12-21 23:45:36 [main] INFO  com.flower.parser.test.ParserTest - 测试短链接处理功能...
2025-12-21 23:45:36 [main] INFO  com.flower.parser.test.ParserTest - 长链接处理结果: https://www.xiaohongshu.com/explore/6682c4b8000000000a03a78e
2025-12-21 23:45:36 [main] INFO  com.flower.parser.utils.HttpUtil - 短链接重定向结果(尝试1): 原始URL=https://xhslink.com/abc123, 最终URL=https://xhslink.com/abc123, 响应状态码=500
2025-12-21 23:45:39 [main] INFO  com.flower.parser.utils.HttpUtil - 短链接重定向结果(尝试2): 原始URL=https://xhslink.com/abc123, 最终URL=https://xhslink.com/abc123, 响应状态码=500
2025-12-21 23:45:42 [main] INFO  com.flower.parser.utils.HttpUtil - 短链接重定向结果(尝试3): 原始URL=https://xhslink.com/abc123, 最终URL=https://xhslink.com/abc123, 响应状态码=500
2025-12-21 23:45:42 [main] ERROR com.flower.parser.utils.HttpUtil - 所有重试都失败了，无法处理短链接: https://xhslink.com/abc123
2025-12-21 23:45:42 [main] INFO  com.flower.parser.test.ParserTest - 短链接处理结果: https://xhslink.com/abc123
2025-12-21 23:45:42 [main] INFO  com.flower.parser.test.ParserTest - 短链接处理功能测试完成
2025-12-21 23:45:42 [main] INFO  com.flower.parser.test.ParserTest - 初始化测试环境...
2025-12-21 23:45:42 [main] INFO  com.flower.parser.ParserManager - 初始化解析管理器...
2025-12-21 23:45:42 [main] INFO  com.flower.parser.ParserManager - 解析管理器初始化完成
2025-12-21 23:45:42 [main] INFO  com.flower.parser.test.ParserTest - 测试环境初始化完成
2025-12-21 23:45:42 [main] INFO  com.flower.parser.test.ParserTest - 测试抖音解析功能...
2025-12-21 23:45:42 [main] INFO  com.flower.parser.ParserManager - 解析开始~原地址: https://www.douyin.com/video/7345678901234567890
2025-12-21 23:45:42 [main] INFO  com.flower.parser.ParserManager - 检测到抖音平台，开始解析
2025-12-21 23:45:42 [main] INFO  c.f.parser.executor.DouYinExecutor - 开始处理抖音URL: https://www.douyin.com/video/7345678901234567890
2025-12-21 23:45:42 [main] INFO  c.f.parser.executor.DouYinExecutor - 成功获取抖音页面内容，长度: 72914
2025-12-21 23:45:42 [main] ERROR com.flower.parser.test.ParserTest - 抖音解析测试异常: Illegal repetition near index 34
window\.__INITIAL_STATE__\s*=\s*({[\s\S]*?});\s*</script>
                                  ^
java.util.regex.PatternSyntaxException: Illegal repetition near index 34
window\.__INITIAL_STATE__\s*=\s*({[\s\S]*?});\s*</script>
                                  ^
	at java.base/java.util.regex.Pattern.error(Pattern.java:2205)
	at java.base/java.util.regex.Pattern.closure(Pattern.java:3489)
	at java.base/java.util.regex.Pattern.sequence(Pattern.java:2391)
	at java.base/java.util.regex.Pattern.expr(Pattern.java:2246)
	at java.base/java.util.regex.Pattern.group0(Pattern.java:3230)
	at java.base/java.util.regex.Pattern.sequence(Pattern.java:2301)
	at java.base/java.util.regex.Pattern.expr(Pattern.java:2246)
	at java.base/java.util.regex.Pattern.compile(Pattern.java:1946)
	at java.base/java.util.regex.Pattern.<init>(Pattern.java:1577)
	at java.base/java.util.regex.Pattern.compile(Pattern.java:1135)
	at com.flower.parser.executor.DouYinExecutor.extractJsonString(DouYinExecutor.java:324)
	at com.flower.parser.executor.DouYinExecutor.ImageTextExecutor(DouYinExecutor.java:58)
	at com.flower.parser.ParserManager.parseUrl(ParserManager.java:72)
	at com.flower.parser.test.ParserTest.testDouYinParse(ParserTest.java:137)
	at java.base/jdk.internal.reflect.DirectMethodHandleAccessor.invoke(DirectMethodHandleAccessor.java:104)
	at java.base/java.lang.reflect.Method.invoke(Method.java:565)
	at org.junit.runners.model.FrameworkMethod$1.runReflectiveCall(FrameworkMethod.java:59)
	at org.junit.internal.runners.model.ReflectiveCallable.run(ReflectiveCallable.java:12)
	at org.junit.runners.model.FrameworkMethod.invokeExplosively(FrameworkMethod.java:56)
	at org.junit.internal.runners.statements.InvokeMethod.evaluate(InvokeMethod.java:17)
	at org.junit.internal.runners.statements.RunBefores.evaluate(RunBefores.java:26)
	at org.junit.runners.ParentRunner$3.evaluate(ParentRunner.java:306)
	at org.junit.runners.BlockJUnit4ClassRunner$1.evaluate(BlockJUnit4ClassRunner.java:100)
	at org.junit.runners.ParentRunner.runLeaf(ParentRunner.java:366)
	at org.junit.runners.BlockJUnit4ClassRunner.runChild(BlockJUnit4ClassRunner.java:103)
	at org.junit.runners.BlockJUnit4ClassRunner.runChild(BlockJUnit4ClassRunner.java:63)
	at org.junit.runners.ParentRunner$4.run(ParentRunner.java:331)
	at org.junit.runners.ParentRunner$1.schedule(ParentRunner.java:79)
	at org.junit.runners.ParentRunner.runChildren(ParentRunner.java:329)
	at org.junit.runners.ParentRunner.access$100(ParentRunner.java:66)
	at org.junit.runners.ParentRunner$2.evaluate(ParentRunner.java:293)
	at org.junit.runners.ParentRunner$3.evaluate(ParentRunner.java:306)
	at org.junit.runners.ParentRunner.run(ParentRunner.java:413)
	at org.apache.maven.surefire.junit4.JUnit4Provider.execute(JUnit4Provider.java:316)
	at org.apache.maven.surefire.junit4.JUnit4Provider.executeWithRerun(JUnit4Provider.java:240)
	at org.apache.maven.surefire.junit4.JUnit4Provider.executeTestSet(JUnit4Provider.java:214)
	at org.apache.maven.surefire.junit4.JUnit4Provider.invoke(JUnit4Provider.java:155)
	at org.apache.maven.surefire.booter.ForkedBooter.runSuitesInProcess(ForkedBooter.java:385)
	at org.apache.maven.surefire.booter.ForkedBooter.execute(ForkedBooter.java:162)
	at org.apache.maven.surefire.booter.ForkedBooter.run(ForkedBooter.java:507)
	at org.apache.maven.surefire.booter.ForkedBooter.main(ForkedBooter.java:495)
2025-12-21 23:45:42 [main] INFO  com.flower.parser.test.ParserTest - 初始化测试环境...
2025-12-21 23:45:42 [main] INFO  com.flower.parser.ParserManager - 初始化解析管理器...
2025-12-21 23:45:42 [main] INFO  com.flower.parser.ParserManager - 解析管理器初始化完成
2025-12-21 23:45:42 [main] INFO  com.flower.parser.test.ParserTest - 测试环境初始化完成
2025-12-21 23:45:42 [main] INFO  com.flower.parser.test.ParserTest - 测试B站解析功能...
2025-12-21 23:45:42 [main] INFO  com.flower.parser.ParserManager - 解析开始~原地址: https://www.bilibili.com/video/BV1Xx411Z7xx
2025-12-21 23:45:42 [main] INFO  com.flower.parser.ParserManager - 检测到B站平台，开始解析
2025-12-21 23:45:42 [main] INFO  c.f.parser.executor.BilibiliExecutor - 开始处理B站URL: https://www.bilibili.com/video/BV1Xx411Z7xx
2025-12-21 23:45:42 [main] INFO  c.f.parser.executor.BilibiliExecutor - 成功获取B站页面内容，长度: 168631
2025-12-21 23:45:42 [main] ERROR com.flower.parser.test.ParserTest - B站解析测试异常: Illegal repetition near index 34
window\.__INITIAL_STATE__\s*=\s*({[\s\S]*?});\s*</script>
                                  ^
java.util.regex.PatternSyntaxException: Illegal repetition near index 34
window\.__INITIAL_STATE__\s*=\s*({[\s\S]*?});\s*</script>
                                  ^
	at java.base/java.util.regex.Pattern.error(Pattern.java:2205)
	at java.base/java.util.regex.Pattern.closure(Pattern.java:3489)
	at java.base/java.util.regex.Pattern.sequence(Pattern.java:2391)
	at java.base/java.util.regex.Pattern.expr(Pattern.java:2246)
	at java.base/java.util.regex.Pattern.group0(Pattern.java:3230)
	at java.base/java.util.regex.Pattern.sequence(Pattern.java:2301)
	at java.base/java.util.regex.Pattern.expr(Pattern.java:2246)
	at java.base/java.util.regex.Pattern.compile(Pattern.java:1946)
	at java.base/java.util.regex.Pattern.<init>(Pattern.java:1577)
	at java.base/java.util.regex.Pattern.compile(Pattern.java:1135)
	at com.flower.parser.executor.BilibiliExecutor.extractJsonString(BilibiliExecutor.java:201)
	at com.flower.parser.executor.BilibiliExecutor.dataExecutor(BilibiliExecutor.java:64)
	at com.flower.parser.ParserManager.parseUrl(ParserManager.java:83)
	at com.flower.parser.test.ParserTest.testBilibiliParse(ParserTest.java:171)
	at java.base/jdk.internal.reflect.DirectMethodHandleAccessor.invoke(DirectMethodHandleAccessor.java:104)
	at java.base/java.lang.reflect.Method.invoke(Method.java:565)
	at org.junit.runners.model.FrameworkMethod$1.runReflectiveCall(FrameworkMethod.java:59)
	at org.junit.internal.runners.model.ReflectiveCallable.run(ReflectiveCallable.java:12)
	at org.junit.runners.model.FrameworkMethod.invokeExplosively(FrameworkMethod.java:56)
	at org.junit.internal.runners.statements.InvokeMethod.evaluate(InvokeMethod.java:17)
	at org.junit.internal.runners.statements.RunBefores.evaluate(RunBefores.java:26)
	at org.junit.runners.ParentRunner$3.evaluate(ParentRunner.java:306)
	at org.junit.runners.BlockJUnit4ClassRunner$1.evaluate(BlockJUnit4ClassRunner.java:100)
	at org.junit.runners.ParentRunner.runLeaf(ParentRunner.java:366)
	at org.junit.runners.BlockJUnit4ClassRunner.runChild(BlockJUnit4ClassRunner.java:103)
	at org.junit.runners.BlockJUnit4ClassRunner.runChild(BlockJUnit4ClassRunner.java:63)
	at org.junit.runners.ParentRunner$4.run(ParentRunner.java:331)
	at org.junit.runners.ParentRunner$1.schedule(ParentRunner.java:79)
	at org.junit.runners.ParentRunner.runChildren(ParentRunner.java:329)
	at org.junit.runners.ParentRunner.access$100(ParentRunner.java:66)
	at org.junit.runners.ParentRunner$2.evaluate(ParentRunner.java:293)
	at org.junit.runners.ParentRunner$3.evaluate(ParentRunner.java:306)
	at org.junit.runners.ParentRunner.run(ParentRunner.java:413)
	at org.apache.maven.surefire.junit4.JUnit4Provider.execute(JUnit4Provider.java:316)
	at org.apache.maven.surefire.junit4.JUnit4Provider.executeWithRerun(JUnit4Provider.java:240)
	at org.apache.maven.surefire.junit4.JUnit4Provider.executeTestSet(JUnit4Provider.java:214)
	at org.apache.maven.surefire.junit4.JUnit4Provider.invoke(JUnit4Provider.java:155)
	at org.apache.maven.surefire.booter.ForkedBooter.runSuitesInProcess(ForkedBooter.java:385)
	at org.apache.maven.surefire.booter.ForkedBooter.execute(ForkedBooter.java:162)
	at org.apache.maven.surefire.booter.ForkedBooter.run(ForkedBooter.java:507)
	at org.apache.maven.surefire.booter.ForkedBooter.main(ForkedBooter.java:495)
2025-12-21 23:45:42 [main] INFO  com.flower.parser.test.ParserTest - 初始化测试环境...
2025-12-21 23:45:42 [main] INFO  com.flower.parser.ParserManager - 初始化解析管理器...
2025-12-21 23:45:42 [main] INFO  com.flower.parser.ParserManager - 解析管理器初始化完成
2025-12-21 23:45:42 [main] INFO  com.flower.parser.test.ParserTest - 测试环境初始化完成
2025-12-21 23:45:42 [main] INFO  com.flower.parser.test.ParserTest - 测试无效URL处理...
2025-12-21 23:45:42 [main] ERROR com.flower.parser.ParserManager - 无效的URL: 未提供URL
2025-12-21 23:45:42 [main] ERROR com.flower.parser.ParserManager - 无效的URL: 未提供URL
2025-12-21 23:45:42 [main] INFO  com.flower.parser.test.ParserTest - 无效URL处理测试完成
2025-12-21 23:47:53 [main] INFO  com.flower.parser.test.ParserTest - 初始化测试环境...
2025-12-21 23:47:53 [main] INFO  com.flower.parser.ParserManager - 初始化解析管理器...
2025-12-21 23:47:53 [main] INFO  com.flower.parser.ParserManager - 解析管理器初始化完成
2025-12-21 23:47:53 [main] INFO  com.flower.parser.test.ParserTest - 测试环境初始化完成
2025-12-21 23:47:53 [main] INFO  com.flower.parser.test.ParserTest - 测试解析管理器初始化...
2025-12-21 23:47:53 [main] INFO  com.flower.parser.ParserManager - 初始化解析管理器...
2025-12-21 23:47:53 [main] INFO  com.flower.parser.ParserManager - 解析管理器初始化完成
2025-12-21 23:47:53 [main] INFO  com.flower.parser.test.ParserTest - 解析管理器初始化测试完成
2025-12-21 23:47:53 [main] INFO  com.flower.parser.test.ParserTest - 初始化测试环境...
2025-12-21 23:47:53 [main] INFO  com.flower.parser.ParserManager - 初始化解析管理器...
2025-12-21 23:47:53 [main] INFO  com.flower.parser.ParserManager - 解析管理器初始化完成
2025-12-21 23:47:53 [main] INFO  com.flower.parser.test.ParserTest - 测试环境初始化完成
2025-12-21 23:47:53 [main] INFO  com.flower.parser.test.ParserTest - 测试平台检测功能...
2025-12-21 23:47:53 [main] INFO  com.flower.parser.test.ParserTest - 小红书URL检测结果: 小红书
2025-12-21 23:47:53 [main] INFO  com.flower.parser.test.ParserTest - 微博URL检测结果: 微博
2025-12-21 23:47:53 [main] INFO  com.flower.parser.test.ParserTest - 抖音URL检测结果: 抖音
2025-12-21 23:47:53 [main] INFO  com.flower.parser.test.ParserTest - 平台检测功能测试完成
2025-12-21 23:47:53 [main] INFO  com.flower.parser.test.ParserTest - 初始化测试环境...
2025-12-21 23:47:53 [main] INFO  com.flower.parser.ParserManager - 初始化解析管理器...
2025-12-21 23:47:53 [main] INFO  com.flower.parser.ParserManager - 解析管理器初始化完成
2025-12-21 23:47:53 [main] INFO  com.flower.parser.test.ParserTest - 测试环境初始化完成
2025-12-21 23:47:53 [main] INFO  com.flower.parser.test.ParserTest - 测试短链接处理功能...
2025-12-21 23:47:53 [main] INFO  com.flower.parser.test.ParserTest - 长链接处理结果: https://www.xiaohongshu.com/explore/6682c4b8000000000a03a78e
2025-12-21 23:47:55 [main] INFO  com.flower.parser.utils.HttpUtil - 短链接重定向结果(尝试1): 原始URL=https://xhslink.com/abc123, 最终URL=https://xhslink.com/abc123, 响应状态码=500
2025-12-21 23:47:56 [main] INFO  com.flower.parser.utils.HttpUtil - 短链接重定向结果(尝试2): 原始URL=https://xhslink.com/abc123, 最终URL=https://xhslink.com/abc123, 响应状态码=500
2025-12-21 23:47:58 [main] INFO  com.flower.parser.utils.HttpUtil - 短链接重定向结果(尝试3): 原始URL=https://xhslink.com/abc123, 最终URL=https://xhslink.com/abc123, 响应状态码=500
2025-12-21 23:47:58 [main] ERROR com.flower.parser.utils.HttpUtil - 所有重试都失败了，无法处理短链接: https://xhslink.com/abc123
2025-12-21 23:47:58 [main] INFO  com.flower.parser.test.ParserTest - 短链接处理结果: https://xhslink.com/abc123
2025-12-21 23:47:58 [main] INFO  com.flower.parser.test.ParserTest - 短链接处理功能测试完成
2025-12-21 23:47:58 [main] INFO  com.flower.parser.test.ParserTest - 初始化测试环境...
2025-12-21 23:47:58 [main] INFO  com.flower.parser.ParserManager - 初始化解析管理器...
2025-12-21 23:47:58 [main] INFO  com.flower.parser.ParserManager - 解析管理器初始化完成
2025-12-21 23:47:58 [main] INFO  com.flower.parser.test.ParserTest - 测试环境初始化完成
2025-12-21 23:47:58 [main] INFO  com.flower.parser.test.ParserTest - 测试无效URL处理...
2025-12-21 23:47:58 [main] ERROR com.flower.parser.ParserManager - 无效的URL: 未提供URL
2025-12-21 23:47:58 [main] ERROR com.flower.parser.ParserManager - 无效的URL: 未提供URL
2025-12-21 23:47:58 [main] INFO  com.flower.parser.test.ParserTest - 无效URL处理测试完成
2025-12-21 23:48:12 [main] INFO  com.flower.parser.test.ParserTest - 初始化测试环境...
2025-12-21 23:48:12 [main] INFO  com.flower.parser.ParserManager - 初始化解析管理器...
2025-12-21 23:48:12 [main] INFO  com.flower.parser.ParserManager - 解析管理器初始化完成
2025-12-21 23:48:12 [main] INFO  com.flower.parser.test.ParserTest - 测试环境初始化完成
2025-12-21 23:48:12 [main] INFO  com.flower.parser.test.ParserTest - 测试微博解析功能...
2025-12-21 23:48:12 [main] INFO  com.flower.parser.ParserManager - 解析开始~原地址: https://weibo.com/1234567890/O8DM0BLLm
2025-12-21 23:48:12 [main] INFO  com.flower.parser.ParserManager - 检测到微博平台，开始解析
2025-12-21 23:48:12 [main] ERROR c.f.parser.executor.WeiboExecutor - weibo cookie未设置  当前不执行解析
2025-12-21 23:48:12 [main] INFO  com.flower.parser.ParserManager - 解析结束~
2025-12-21 23:48:12 [main] INFO  com.flower.parser.test.ParserTest - 微博解析测试完成
2025-12-21 23:48:12 [main] INFO  com.flower.parser.test.ParserTest - 初始化测试环境...
2025-12-21 23:48:12 [main] INFO  com.flower.parser.ParserManager - 初始化解析管理器...
2025-12-21 23:48:12 [main] INFO  com.flower.parser.ParserManager - 解析管理器初始化完成
2025-12-21 23:48:12 [main] INFO  com.flower.parser.test.ParserTest - 测试环境初始化完成
2025-12-21 23:48:12 [main] INFO  com.flower.parser.test.ParserTest - 测试小红书解析功能...
2025-12-21 23:48:12 [main] INFO  com.flower.parser.ParserManager - 解析开始~原地址: https://www.xiaohongshu.com/explore/6682c4b8000000000a03a78e
2025-12-21 23:48:12 [main] INFO  com.flower.parser.ParserManager - 检测到小红书平台，开始解析
2025-12-21 23:48:12 [main] INFO  c.f.parser.executor.HongShuExecutor - 开始处理小红书URL: https://www.xiaohongshu.com/explore/6682c4b8000000000a03a78e
2025-12-21 23:48:12 [main] INFO  c.f.parser.executor.HongShuExecutor - 发送HTTP请求获取页面内容
2025-12-21 23:48:13 [main] INFO  c.f.parser.executor.HongShuExecutor - 成功获取页面内容，长度: 337211
2025-12-21 23:48:13 [main] INFO  c.f.parser.executor.HongShuExecutor - 提取JSON字符串，长度: 19
2025-12-21 23:48:13 [main] WARN  c.f.parser.executor.HongShuExecutor - JSON解析失败，使用HTML解析
2025-12-21 23:48:13 [main] INFO  c.f.parser.executor.HongShuExecutor - 开始HTML解析
2025-12-21 23:48:13 [main] INFO  c.f.parser.executor.HongShuExecutor - HTML检测视频: false
2025-12-21 23:48:13 [main] INFO  c.f.parser.executor.HongShuExecutor - HTML提取图片数量: 0
2025-12-21 23:48:13 [main] INFO  c.f.parser.executor.HongShuExecutor - 开始下载图片，图片数量: 0
2025-12-21 23:48:13 [main] INFO  c.f.parser.executor.HongShuExecutor - 图文下载完成，共下载 0 个文件
2025-12-21 23:48:13 [main] INFO  c.f.parser.executor.HongShuExecutor - HTML解析完成
2025-12-21 23:48:13 [main] INFO  com.flower.parser.ParserManager - 解析结束~
2025-12-21 23:48:13 [main] INFO  com.flower.parser.test.ParserTest - 小红书解析测试完成
2025-12-21 23:48:13 [main] INFO  com.flower.parser.test.ParserTest - 初始化测试环境...
2025-12-21 23:48:13 [main] INFO  com.flower.parser.ParserManager - 初始化解析管理器...
2025-12-21 23:48:13 [main] INFO  com.flower.parser.ParserManager - 解析管理器初始化完成
2025-12-21 23:48:13 [main] INFO  com.flower.parser.test.ParserTest - 测试环境初始化完成
2025-12-21 23:48:13 [main] INFO  com.flower.parser.test.ParserTest - 测试解析管理器初始化...
2025-12-21 23:48:13 [main] INFO  com.flower.parser.ParserManager - 初始化解析管理器...
2025-12-21 23:48:13 [main] INFO  com.flower.parser.ParserManager - 解析管理器初始化完成
2025-12-21 23:48:13 [main] INFO  com.flower.parser.test.ParserTest - 解析管理器初始化测试完成
2025-12-21 23:48:13 [main] INFO  com.flower.parser.test.ParserTest - 初始化测试环境...
2025-12-21 23:48:13 [main] INFO  com.flower.parser.ParserManager - 初始化解析管理器...
2025-12-21 23:48:13 [main] INFO  com.flower.parser.ParserManager - 解析管理器初始化完成
2025-12-21 23:48:13 [main] INFO  com.flower.parser.test.ParserTest - 测试环境初始化完成
2025-12-21 23:48:13 [main] INFO  com.flower.parser.test.ParserTest - 测试快手解析功能...
2025-12-21 23:48:13 [main] INFO  com.flower.parser.ParserManager - 解析开始~原地址: https://www.kuaishou.com/f/XsdfGhIjKlMn
2025-12-21 23:48:13 [main] INFO  com.flower.parser.ParserManager - 检测到快手平台，开始解析
2025-12-21 23:48:13 [main] INFO  c.f.parser.executor.KuaishouExecutor - 开始处理快手URL: https://www.kuaishou.com/f/XsdfGhIjKlMn
2025-12-21 23:48:13 [main] ERROR c.f.parser.executor.KuaishouExecutor - 快手URL ID解析错误
2025-12-21 23:48:13 [main] INFO  com.flower.parser.ParserManager - 解析结束~
2025-12-21 23:48:13 [main] INFO  com.flower.parser.test.ParserTest - 快手解析测试完成
2025-12-21 23:48:13 [main] INFO  com.flower.parser.test.ParserTest - 初始化测试环境...
2025-12-21 23:48:13 [main] INFO  com.flower.parser.ParserManager - 初始化解析管理器...
2025-12-21 23:48:13 [main] INFO  com.flower.parser.ParserManager - 解析管理器初始化完成
2025-12-21 23:48:13 [main] INFO  com.flower.parser.test.ParserTest - 测试环境初始化完成
2025-12-21 23:48:13 [main] INFO  com.flower.parser.test.ParserTest - 测试平台检测功能...
2025-12-21 23:48:13 [main] INFO  com.flower.parser.test.ParserTest - 小红书URL检测结果: 小红书
2025-12-21 23:48:13 [main] INFO  com.flower.parser.test.ParserTest - 微博URL检测结果: 微博
2025-12-21 23:48:13 [main] INFO  com.flower.parser.test.ParserTest - 抖音URL检测结果: 抖音
2025-12-21 23:48:13 [main] INFO  com.flower.parser.test.ParserTest - 平台检测功能测试完成
2025-12-21 23:48:13 [main] INFO  com.flower.parser.test.ParserTest - 初始化测试环境...
2025-12-21 23:48:13 [main] INFO  com.flower.parser.ParserManager - 初始化解析管理器...
2025-12-21 23:48:13 [main] INFO  com.flower.parser.ParserManager - 解析管理器初始化完成
2025-12-21 23:48:13 [main] INFO  com.flower.parser.test.ParserTest - 测试环境初始化完成
2025-12-21 23:48:13 [main] INFO  com.flower.parser.test.ParserTest - 测试短链接处理功能...
2025-12-21 23:48:13 [main] INFO  com.flower.parser.test.ParserTest - 长链接处理结果: https://www.xiaohongshu.com/explore/6682c4b8000000000a03a78e
2025-12-21 23:48:14 [main] INFO  com.flower.parser.utils.HttpUtil - 短链接重定向结果(尝试1): 原始URL=https://xhslink.com/abc123, 最终URL=https://xhslink.com/abc123, 响应状态码=500
2025-12-21 23:48:16 [main] INFO  com.flower.parser.utils.HttpUtil - 短链接重定向结果(尝试2): 原始URL=https://xhslink.com/abc123, 最终URL=https://xhslink.com/abc123, 响应状态码=500
2025-12-21 23:48:19 [main] INFO  com.flower.parser.utils.HttpUtil - 短链接重定向结果(尝试3): 原始URL=https://xhslink.com/abc123, 最终URL=https://xhslink.com/abc123, 响应状态码=500
2025-12-21 23:48:19 [main] ERROR com.flower.parser.utils.HttpUtil - 所有重试都失败了，无法处理短链接: https://xhslink.com/abc123
2025-12-21 23:48:19 [main] INFO  com.flower.parser.test.ParserTest - 短链接处理结果: https://xhslink.com/abc123
2025-12-21 23:48:19 [main] INFO  com.flower.parser.test.ParserTest - 短链接处理功能测试完成
2025-12-21 23:48:19 [main] INFO  com.flower.parser.test.ParserTest - 初始化测试环境...
2025-12-21 23:48:19 [main] INFO  com.flower.parser.ParserManager - 初始化解析管理器...
2025-12-21 23:48:19 [main] INFO  com.flower.parser.ParserManager - 解析管理器初始化完成
2025-12-21 23:48:19 [main] INFO  com.flower.parser.test.ParserTest - 测试环境初始化完成
2025-12-21 23:48:19 [main] INFO  com.flower.parser.test.ParserTest - 测试抖音解析功能...
2025-12-21 23:48:19 [main] INFO  com.flower.parser.ParserManager - 解析开始~原地址: https://www.douyin.com/video/7345678901234567890
2025-12-21 23:48:19 [main] INFO  com.flower.parser.ParserManager - 检测到抖音平台，开始解析
2025-12-21 23:48:19 [main] INFO  c.f.parser.executor.DouYinExecutor - 开始处理抖音URL: https://www.douyin.com/video/7345678901234567890
2025-12-21 23:48:19 [main] INFO  c.f.parser.executor.DouYinExecutor - 成功获取抖音页面内容，长度: 72914
2025-12-21 23:48:19 [main] INFO  c.f.parser.executor.DouYinExecutor - 提取JSON字符串，长度: null
2025-12-21 23:48:19 [main] WARN  c.f.parser.executor.DouYinExecutor - 未提取到JSON数据，使用HTML解析
2025-12-21 23:48:19 [main] INFO  c.f.parser.executor.DouYinExecutor - 开始抖音HTML解析
2025-12-21 23:48:19 [main] INFO  c.f.parser.executor.DouYinExecutor - HTML检测视频: false
2025-12-21 23:48:19 [main] INFO  com.flower.parser.test.ParserTest - 初始化测试环境...
2025-12-21 23:48:19 [main] INFO  com.flower.parser.ParserManager - 初始化解析管理器...
2025-12-21 23:48:19 [main] INFO  com.flower.parser.ParserManager - 解析管理器初始化完成
2025-12-21 23:48:19 [main] INFO  com.flower.parser.test.ParserTest - 测试环境初始化完成
2025-12-21 23:48:19 [main] INFO  com.flower.parser.test.ParserTest - 测试B站解析功能...
2025-12-21 23:48:19 [main] INFO  com.flower.parser.ParserManager - 解析开始~原地址: https://www.bilibili.com/video/BV1Xx411Z7xx
2025-12-21 23:48:19 [main] INFO  com.flower.parser.ParserManager - 检测到B站平台，开始解析
2025-12-21 23:48:19 [main] INFO  c.f.parser.executor.BilibiliExecutor - 开始处理B站URL: https://www.bilibili.com/video/BV1Xx411Z7xx
2025-12-21 23:48:20 [main] INFO  c.f.parser.executor.BilibiliExecutor - 成功获取B站页面内容，长度: 164601
2025-12-21 23:48:20 [main] INFO  c.f.parser.executor.BilibiliExecutor - 提取JSON字符串，长度: null
2025-12-21 23:48:20 [main] WARN  c.f.parser.executor.BilibiliExecutor - 未提取到JSON数据，使用HTML解析
2025-12-21 23:48:20 [main] INFO  c.f.parser.executor.BilibiliExecutor - 开始B站HTML解析
2025-12-21 23:48:20 [main] INFO  c.f.parser.executor.BilibiliExecutor - HTML解析未找到视频URL
2025-12-21 23:48:20 [main] INFO  c.f.parser.executor.BilibiliExecutor - B站HTML解析完成
2025-12-21 23:48:20 [main] INFO  com.flower.parser.ParserManager - 解析结束~
2025-12-21 23:48:20 [main] INFO  com.flower.parser.test.ParserTest - B站解析测试完成
2025-12-21 23:48:20 [main] INFO  com.flower.parser.test.ParserTest - 初始化测试环境...
2025-12-21 23:48:20 [main] INFO  com.flower.parser.ParserManager - 初始化解析管理器...
2025-12-21 23:48:20 [main] INFO  com.flower.parser.ParserManager - 解析管理器初始化完成
2025-12-21 23:48:20 [main] INFO  com.flower.parser.test.ParserTest - 测试环境初始化完成
2025-12-21 23:48:20 [main] INFO  com.flower.parser.test.ParserTest - 测试无效URL处理...
2025-12-21 23:48:20 [main] ERROR com.flower.parser.ParserManager - 无效的URL: 未提供URL
2025-12-21 23:48:20 [main] ERROR com.flower.parser.ParserManager - 无效的URL: 未提供URL
2025-12-21 23:48:20 [main] INFO  com.flower.parser.test.ParserTest - 无效URL处理测试完成
2025-12-21 23:49:30 [main] INFO  com.flower.parser.test.ParserTest - 初始化测试环境...
2025-12-21 23:49:30 [main] INFO  com.flower.parser.ParserManager - 初始化解析管理器...
2025-12-21 23:49:30 [main] INFO  com.flower.parser.ParserManager - 解析管理器初始化完成
2025-12-21 23:49:30 [main] INFO  com.flower.parser.test.ParserTest - 测试环境初始化完成
2025-12-21 23:49:30 [main] INFO  com.flower.parser.test.ParserTest - 测试微博解析功能...
2025-12-21 23:49:30 [main] INFO  com.flower.parser.ParserManager - 解析开始~原地址: https://weibo.com/1234567890/O8DM0BLLm
2025-12-21 23:49:30 [main] INFO  com.flower.parser.ParserManager - 检测到微博平台，开始解析
2025-12-21 23:49:30 [main] ERROR c.f.parser.executor.WeiboExecutor - weibo cookie未设置  当前不执行解析
2025-12-21 23:49:30 [main] INFO  com.flower.parser.ParserManager - 解析结束~
2025-12-21 23:49:30 [main] INFO  com.flower.parser.test.ParserTest - 微博解析测试完成
2025-12-21 23:49:30 [main] INFO  com.flower.parser.test.ParserTest - 初始化测试环境...
2025-12-21 23:49:30 [main] INFO  com.flower.parser.ParserManager - 初始化解析管理器...
2025-12-21 23:49:30 [main] INFO  com.flower.parser.ParserManager - 解析管理器初始化完成
2025-12-21 23:49:30 [main] INFO  com.flower.parser.test.ParserTest - 测试环境初始化完成
2025-12-21 23:49:30 [main] INFO  com.flower.parser.test.ParserTest - 测试小红书解析功能...
2025-12-21 23:49:30 [main] INFO  com.flower.parser.ParserManager - 解析开始~原地址: https://www.xiaohongshu.com/explore/6682c4b8000000000a03a78e
2025-12-21 23:49:30 [main] INFO  com.flower.parser.ParserManager - 检测到小红书平台，开始解析
2025-12-21 23:49:30 [main] INFO  c.f.parser.executor.HongShuExecutor - 开始处理小红书URL: https://www.xiaohongshu.com/explore/6682c4b8000000000a03a78e
2025-12-21 23:49:30 [main] INFO  c.f.parser.executor.HongShuExecutor - 发送HTTP请求获取页面内容
2025-12-21 23:49:31 [main] INFO  c.f.parser.executor.HongShuExecutor - 成功获取页面内容，长度: 337211
2025-12-21 23:49:31 [main] INFO  c.f.parser.executor.HongShuExecutor - 提取JSON字符串，长度: 19
2025-12-21 23:49:31 [main] WARN  c.f.parser.executor.HongShuExecutor - JSON解析失败，使用HTML解析
2025-12-21 23:49:31 [main] INFO  c.f.parser.executor.HongShuExecutor - 开始HTML解析
2025-12-21 23:49:31 [main] INFO  c.f.parser.executor.HongShuExecutor - HTML检测视频: false
2025-12-21 23:49:31 [main] INFO  c.f.parser.executor.HongShuExecutor - HTML提取图片数量: 0
2025-12-21 23:49:31 [main] INFO  c.f.parser.executor.HongShuExecutor - 开始下载图片，图片数量: 0
2025-12-21 23:49:31 [main] INFO  c.f.parser.executor.HongShuExecutor - 图文下载完成，共下载 0 个文件
2025-12-21 23:49:31 [main] INFO  c.f.parser.executor.HongShuExecutor - HTML解析完成
2025-12-21 23:49:31 [main] INFO  com.flower.parser.ParserManager - 解析结束~
2025-12-21 23:49:31 [main] INFO  com.flower.parser.test.ParserTest - 小红书解析测试完成
2025-12-21 23:49:31 [main] INFO  com.flower.parser.test.ParserTest - 初始化测试环境...
2025-12-21 23:49:31 [main] INFO  com.flower.parser.ParserManager - 初始化解析管理器...
2025-12-21 23:49:31 [main] INFO  com.flower.parser.ParserManager - 解析管理器初始化完成
2025-12-21 23:49:31 [main] INFO  com.flower.parser.test.ParserTest - 测试环境初始化完成
2025-12-21 23:49:31 [main] INFO  com.flower.parser.test.ParserTest - 测试解析管理器初始化...
2025-12-21 23:49:31 [main] INFO  com.flower.parser.ParserManager - 初始化解析管理器...
2025-12-21 23:49:31 [main] INFO  com.flower.parser.ParserManager - 解析管理器初始化完成
2025-12-21 23:49:31 [main] INFO  com.flower.parser.test.ParserTest - 解析管理器初始化测试完成
2025-12-21 23:49:31 [main] INFO  com.flower.parser.test.ParserTest - 初始化测试环境...
2025-12-21 23:49:31 [main] INFO  com.flower.parser.ParserManager - 初始化解析管理器...
2025-12-21 23:49:31 [main] INFO  com.flower.parser.ParserManager - 解析管理器初始化完成
2025-12-21 23:49:31 [main] INFO  com.flower.parser.test.ParserTest - 测试环境初始化完成
2025-12-21 23:49:31 [main] INFO  com.flower.parser.test.ParserTest - 测试快手解析功能...
2025-12-21 23:49:31 [main] INFO  com.flower.parser.ParserManager - 解析开始~原地址: https://www.kuaishou.com/f/XsdfGhIjKlMn
2025-12-21 23:49:31 [main] INFO  com.flower.parser.ParserManager - 检测到快手平台，开始解析
2025-12-21 23:49:31 [main] INFO  c.f.parser.executor.KuaishouExecutor - 开始处理快手URL: https://www.kuaishou.com/f/XsdfGhIjKlMn
2025-12-21 23:49:31 [main] ERROR c.f.parser.executor.KuaishouExecutor - 快手URL ID解析错误
2025-12-21 23:49:31 [main] INFO  com.flower.parser.ParserManager - 解析结束~
2025-12-21 23:49:31 [main] INFO  com.flower.parser.test.ParserTest - 快手解析测试完成
2025-12-21 23:49:31 [main] INFO  com.flower.parser.test.ParserTest - 初始化测试环境...
2025-12-21 23:49:31 [main] INFO  com.flower.parser.ParserManager - 初始化解析管理器...
2025-12-21 23:49:31 [main] INFO  com.flower.parser.ParserManager - 解析管理器初始化完成
2025-12-21 23:49:31 [main] INFO  com.flower.parser.test.ParserTest - 测试环境初始化完成
2025-12-21 23:49:31 [main] INFO  com.flower.parser.test.ParserTest - 测试平台检测功能...
2025-12-21 23:49:31 [main] INFO  com.flower.parser.test.ParserTest - 小红书URL检测结果: 小红书
2025-12-21 23:49:31 [main] INFO  com.flower.parser.test.ParserTest - 微博URL检测结果: 微博
2025-12-21 23:49:31 [main] INFO  com.flower.parser.test.ParserTest - 抖音URL检测结果: 抖音
2025-12-21 23:49:31 [main] INFO  com.flower.parser.test.ParserTest - 平台检测功能测试完成
2025-12-21 23:49:31 [main] INFO  com.flower.parser.test.ParserTest - 初始化测试环境...
2025-12-21 23:49:31 [main] INFO  com.flower.parser.ParserManager - 初始化解析管理器...
2025-12-21 23:49:31 [main] INFO  com.flower.parser.ParserManager - 解析管理器初始化完成
2025-12-21 23:49:31 [main] INFO  com.flower.parser.test.ParserTest - 测试环境初始化完成
2025-12-21 23:49:31 [main] INFO  com.flower.parser.test.ParserTest - 测试短链接处理功能...
2025-12-21 23:49:31 [main] INFO  com.flower.parser.test.ParserTest - 长链接处理结果: https://www.xiaohongshu.com/explore/6682c4b8000000000a03a78e
2025-12-21 23:49:32 [main] INFO  com.flower.parser.utils.HttpUtil - 短链接重定向结果(尝试1): 原始URL=https://xhslink.com/abc123, 最终URL=https://xhslink.com/abc123, 响应状态码=500
2025-12-21 23:49:34 [main] INFO  com.flower.parser.utils.HttpUtil - 短链接重定向结果(尝试2): 原始URL=https://xhslink.com/abc123, 最终URL=https://xhslink.com/abc123, 响应状态码=500
2025-12-21 23:49:36 [main] INFO  com.flower.parser.utils.HttpUtil - 短链接重定向结果(尝试3): 原始URL=https://xhslink.com/abc123, 最终URL=https://xhslink.com/abc123, 响应状态码=500
2025-12-21 23:49:36 [main] ERROR com.flower.parser.utils.HttpUtil - 所有重试都失败了，无法处理短链接: https://xhslink.com/abc123
2025-12-21 23:49:36 [main] INFO  com.flower.parser.test.ParserTest - 短链接处理结果: https://xhslink.com/abc123
2025-12-21 23:49:36 [main] INFO  com.flower.parser.test.ParserTest - 短链接处理功能测试完成
2025-12-21 23:49:36 [main] INFO  com.flower.parser.test.ParserTest - 初始化测试环境...
2025-12-21 23:49:36 [main] INFO  com.flower.parser.ParserManager - 初始化解析管理器...
2025-12-21 23:49:36 [main] INFO  com.flower.parser.ParserManager - 解析管理器初始化完成
2025-12-21 23:49:36 [main] INFO  com.flower.parser.test.ParserTest - 测试环境初始化完成
2025-12-21 23:49:36 [main] INFO  com.flower.parser.test.ParserTest - 测试抖音解析功能...
2025-12-21 23:49:36 [main] INFO  com.flower.parser.ParserManager - 解析开始~原地址: https://www.douyin.com/video/7345678901234567890
2025-12-21 23:49:36 [main] INFO  com.flower.parser.ParserManager - 检测到抖音平台，开始解析
2025-12-21 23:49:36 [main] INFO  c.f.parser.executor.DouYinExecutor - 开始处理抖音URL: https://www.douyin.com/video/7345678901234567890
2025-12-21 23:49:36 [main] INFO  c.f.parser.executor.DouYinExecutor - 成功获取抖音页面内容，长度: 72914
2025-12-21 23:49:36 [main] INFO  c.f.parser.executor.DouYinExecutor - 提取JSON字符串，长度: null
2025-12-21 23:49:36 [main] WARN  c.f.parser.executor.DouYinExecutor - 未提取到JSON数据，使用HTML解析
2025-12-21 23:49:36 [main] INFO  c.f.parser.executor.DouYinExecutor - 开始抖音HTML解析
2025-12-21 23:49:36 [main] INFO  c.f.parser.executor.DouYinExecutor - HTML检测视频: false
2025-12-21 23:49:36 [main] INFO  com.flower.parser.test.ParserTest - 初始化测试环境...
2025-12-21 23:49:36 [main] INFO  com.flower.parser.ParserManager - 初始化解析管理器...
2025-12-21 23:49:36 [main] INFO  com.flower.parser.ParserManager - 解析管理器初始化完成
2025-12-21 23:49:36 [main] INFO  com.flower.parser.test.ParserTest - 测试环境初始化完成
2025-12-21 23:49:36 [main] INFO  com.flower.parser.test.ParserTest - 测试B站解析功能...
2025-12-21 23:49:36 [main] INFO  com.flower.parser.ParserManager - 解析开始~原地址: https://www.bilibili.com/video/BV1Xx411Z7xx
2025-12-21 23:49:36 [main] INFO  com.flower.parser.ParserManager - 检测到B站平台，开始解析
2025-12-21 23:49:36 [main] INFO  c.f.parser.executor.BilibiliExecutor - 开始处理B站URL: https://www.bilibili.com/video/BV1Xx411Z7xx
2025-12-21 23:49:37 [main] INFO  c.f.parser.executor.BilibiliExecutor - 成功获取B站页面内容，长度: 165699
2025-12-21 23:49:37 [main] INFO  c.f.parser.executor.BilibiliExecutor - 提取JSON字符串，长度: null
2025-12-21 23:49:37 [main] WARN  c.f.parser.executor.BilibiliExecutor - 未提取到JSON数据，使用HTML解析
2025-12-21 23:49:37 [main] INFO  c.f.parser.executor.BilibiliExecutor - 开始B站HTML解析
2025-12-21 23:49:38 [main] INFO  c.f.parser.executor.BilibiliExecutor - HTML解析未找到视频URL
2025-12-21 23:49:38 [main] INFO  c.f.parser.executor.BilibiliExecutor - B站HTML解析完成
2025-12-21 23:49:38 [main] INFO  com.flower.parser.ParserManager - 解析结束~
2025-12-21 23:49:38 [main] INFO  com.flower.parser.test.ParserTest - B站解析测试完成
2025-12-21 23:49:38 [main] INFO  com.flower.parser.test.ParserTest - 初始化测试环境...
2025-12-21 23:49:38 [main] INFO  com.flower.parser.ParserManager - 初始化解析管理器...
2025-12-21 23:49:38 [main] INFO  com.flower.parser.ParserManager - 解析管理器初始化完成
2025-12-21 23:49:38 [main] INFO  com.flower.parser.test.ParserTest - 测试环境初始化完成
2025-12-21 23:49:38 [main] INFO  com.flower.parser.test.ParserTest - 测试无效URL处理...
2025-12-21 23:49:38 [main] ERROR com.flower.parser.ParserManager - 无效的URL: 未提供URL
2025-12-21 23:49:38 [main] ERROR com.flower.parser.ParserManager - 无效的URL: 未提供URL
2025-12-21 23:49:38 [main] INFO  com.flower.parser.test.ParserTest - 无效URL处理测试完成
2025-12-21 23:50:46 [main] INFO  com.flower.parser.test.ParserTest - 初始化测试环境...
2025-12-21 23:50:46 [main] INFO  com.flower.parser.ParserManager - 初始化解析管理器...
2025-12-21 23:50:46 [main] INFO  com.flower.parser.ParserManager - 解析管理器初始化完成
2025-12-21 23:50:46 [main] INFO  com.flower.parser.test.ParserTest - 测试环境初始化完成
2025-12-21 23:50:46 [main] INFO  com.flower.parser.test.ParserTest - 测试微博解析功能...
2025-12-21 23:50:46 [main] INFO  com.flower.parser.ParserManager - 解析开始~原地址: https://weibo.com/1234567890/O8DM0BLLm
2025-12-21 23:50:46 [main] INFO  com.flower.parser.ParserManager - 检测到微博平台，开始解析
2025-12-21 23:50:46 [main] ERROR c.f.parser.executor.WeiboExecutor - weibo cookie未设置  当前不执行解析
2025-12-21 23:50:46 [main] INFO  com.flower.parser.ParserManager - 解析结束~
2025-12-21 23:50:46 [main] INFO  com.flower.parser.test.ParserTest - 微博解析测试完成
2025-12-21 23:50:46 [main] INFO  com.flower.parser.test.ParserTest - 初始化测试环境...
2025-12-21 23:50:46 [main] INFO  com.flower.parser.ParserManager - 初始化解析管理器...
2025-12-21 23:50:46 [main] INFO  com.flower.parser.ParserManager - 解析管理器初始化完成
2025-12-21 23:50:46 [main] INFO  com.flower.parser.test.ParserTest - 测试环境初始化完成
2025-12-21 23:50:46 [main] INFO  com.flower.parser.test.ParserTest - 测试小红书解析功能...
2025-12-21 23:50:46 [main] INFO  com.flower.parser.ParserManager - 解析开始~原地址: https://www.xiaohongshu.com/explore/6682c4b8000000000a03a78e
2025-12-21 23:50:46 [main] INFO  com.flower.parser.ParserManager - 检测到小红书平台，开始解析
2025-12-21 23:50:46 [main] INFO  c.f.parser.executor.HongShuExecutor - 开始处理小红书URL: https://www.xiaohongshu.com/explore/6682c4b8000000000a03a78e
2025-12-21 23:50:46 [main] INFO  c.f.parser.executor.HongShuExecutor - 发送HTTP请求获取页面内容
2025-12-21 23:50:46 [main] INFO  c.f.parser.executor.HongShuExecutor - 成功获取页面内容，长度: 337211
2025-12-21 23:50:46 [main] INFO  c.f.parser.executor.HongShuExecutor - 提取JSON字符串，长度: 19
2025-12-21 23:50:46 [main] WARN  c.f.parser.executor.HongShuExecutor - JSON解析失败，使用HTML解析
2025-12-21 23:50:46 [main] INFO  c.f.parser.executor.HongShuExecutor - 开始HTML解析
2025-12-21 23:50:47 [main] INFO  c.f.parser.executor.HongShuExecutor - HTML检测视频: false
2025-12-21 23:50:47 [main] INFO  c.f.parser.executor.HongShuExecutor - HTML提取图片数量: 0
2025-12-21 23:50:47 [main] INFO  c.f.parser.executor.HongShuExecutor - 开始下载图片，图片数量: 0
2025-12-21 23:50:47 [main] INFO  c.f.parser.executor.HongShuExecutor - 图文下载完成，共下载 0 个文件
2025-12-21 23:50:47 [main] INFO  c.f.parser.executor.HongShuExecutor - HTML解析完成
2025-12-21 23:50:47 [main] INFO  com.flower.parser.ParserManager - 解析结束~
2025-12-21 23:50:47 [main] INFO  com.flower.parser.test.ParserTest - 小红书解析测试完成
2025-12-21 23:50:47 [main] INFO  com.flower.parser.test.ParserTest - 初始化测试环境...
2025-12-21 23:50:47 [main] INFO  com.flower.parser.ParserManager - 初始化解析管理器...
2025-12-21 23:50:47 [main] INFO  com.flower.parser.ParserManager - 解析管理器初始化完成
2025-12-21 23:50:47 [main] INFO  com.flower.parser.test.ParserTest - 测试环境初始化完成
2025-12-21 23:50:47 [main] INFO  com.flower.parser.test.ParserTest - 测试解析管理器初始化...
2025-12-21 23:50:47 [main] INFO  com.flower.parser.ParserManager - 初始化解析管理器...
2025-12-21 23:50:47 [main] INFO  com.flower.parser.ParserManager - 解析管理器初始化完成
2025-12-21 23:50:47 [main] INFO  com.flower.parser.test.ParserTest - 解析管理器初始化测试完成
2025-12-21 23:50:47 [main] INFO  com.flower.parser.test.ParserTest - 初始化测试环境...
2025-12-21 23:50:47 [main] INFO  com.flower.parser.ParserManager - 初始化解析管理器...
2025-12-21 23:50:47 [main] INFO  com.flower.parser.ParserManager - 解析管理器初始化完成
2025-12-21 23:50:47 [main] INFO  com.flower.parser.test.ParserTest - 测试环境初始化完成
2025-12-21 23:50:47 [main] INFO  com.flower.parser.test.ParserTest - 测试快手解析功能...
2025-12-21 23:50:47 [main] INFO  com.flower.parser.ParserManager - 解析开始~原地址: https://www.kuaishou.com/f/XsdfGhIjKlMn
2025-12-21 23:50:47 [main] INFO  com.flower.parser.ParserManager - 检测到快手平台，开始解析
2025-12-21 23:50:47 [main] INFO  c.f.parser.executor.KuaishouExecutor - 开始处理快手URL: https://www.kuaishou.com/f/XsdfGhIjKlMn
2025-12-21 23:50:47 [main] ERROR c.f.parser.executor.KuaishouExecutor - 快手URL ID解析错误
2025-12-21 23:50:47 [main] INFO  com.flower.parser.ParserManager - 解析结束~
2025-12-21 23:50:47 [main] INFO  com.flower.parser.test.ParserTest - 快手解析测试完成
2025-12-21 23:50:47 [main] INFO  com.flower.parser.test.ParserTest - 初始化测试环境...
2025-12-21 23:50:47 [main] INFO  com.flower.parser.ParserManager - 初始化解析管理器...
2025-12-21 23:50:47 [main] INFO  com.flower.parser.ParserManager - 解析管理器初始化完成
2025-12-21 23:50:47 [main] INFO  com.flower.parser.test.ParserTest - 测试环境初始化完成
2025-12-21 23:50:47 [main] INFO  com.flower.parser.test.ParserTest - 测试平台检测功能...
2025-12-21 23:50:47 [main] INFO  com.flower.parser.test.ParserTest - 小红书URL检测结果: 小红书
2025-12-21 23:50:47 [main] INFO  com.flower.parser.test.ParserTest - 微博URL检测结果: 微博
2025-12-21 23:50:47 [main] INFO  com.flower.parser.test.ParserTest - 抖音URL检测结果: 抖音
2025-12-21 23:50:47 [main] INFO  com.flower.parser.test.ParserTest - 平台检测功能测试完成
2025-12-21 23:50:47 [main] INFO  com.flower.parser.test.ParserTest - 初始化测试环境...
2025-12-21 23:50:47 [main] INFO  com.flower.parser.ParserManager - 初始化解析管理器...
2025-12-21 23:50:47 [main] INFO  com.flower.parser.ParserManager - 解析管理器初始化完成
2025-12-21 23:50:47 [main] INFO  com.flower.parser.test.ParserTest - 测试环境初始化完成
2025-12-21 23:50:47 [main] INFO  com.flower.parser.test.ParserTest - 测试短链接处理功能...
2025-12-21 23:50:47 [main] INFO  com.flower.parser.test.ParserTest - 长链接处理结果: https://www.xiaohongshu.com/explore/6682c4b8000000000a03a78e
2025-12-21 23:50:47 [main] INFO  com.flower.parser.utils.HttpUtil - 短链接重定向结果(尝试1): 原始URL=https://xhslink.com/abc123, 最终URL=https://xhslink.com/abc123, 响应状态码=500
2025-12-21 23:50:48 [main] INFO  com.flower.parser.utils.HttpUtil - 短链接重定向结果(尝试2): 原始URL=https://xhslink.com/abc123, 最终URL=https://xhslink.com/abc123, 响应状态码=500
2025-12-21 23:50:51 [main] INFO  com.flower.parser.utils.HttpUtil - 短链接重定向结果(尝试3): 原始URL=https://xhslink.com/abc123, 最终URL=https://xhslink.com/abc123, 响应状态码=500
2025-12-21 23:50:51 [main] ERROR com.flower.parser.utils.HttpUtil - 所有重试都失败了，无法处理短链接: https://xhslink.com/abc123
2025-12-21 23:50:51 [main] INFO  com.flower.parser.test.ParserTest - 短链接处理结果: https://xhslink.com/abc123
2025-12-21 23:50:51 [main] INFO  com.flower.parser.test.ParserTest - 短链接处理功能测试完成
2025-12-21 23:50:51 [main] INFO  com.flower.parser.test.ParserTest - 初始化测试环境...
2025-12-21 23:50:51 [main] INFO  com.flower.parser.ParserManager - 初始化解析管理器...
2025-12-21 23:50:51 [main] INFO  com.flower.parser.ParserManager - 解析管理器初始化完成
2025-12-21 23:50:51 [main] INFO  com.flower.parser.test.ParserTest - 测试环境初始化完成
2025-12-21 23:50:51 [main] INFO  com.flower.parser.test.ParserTest - 测试抖音解析功能...
2025-12-21 23:50:51 [main] INFO  com.flower.parser.ParserManager - 解析开始~原地址: https://www.douyin.com/video/7345678901234567890
2025-12-21 23:50:51 [main] INFO  com.flower.parser.ParserManager - 检测到抖音平台，开始解析
2025-12-21 23:50:51 [main] INFO  c.f.parser.executor.DouYinExecutor - 开始处理抖音URL: https://www.douyin.com/video/7345678901234567890
2025-12-21 23:50:51 [main] INFO  c.f.parser.executor.DouYinExecutor - 成功获取抖音页面内容，长度: 72914
2025-12-21 23:50:51 [main] INFO  c.f.parser.executor.DouYinExecutor - 提取JSON字符串，长度: null
2025-12-21 23:50:51 [main] WARN  c.f.parser.executor.DouYinExecutor - 未提取到JSON数据，使用HTML解析
2025-12-21 23:50:51 [main] INFO  c.f.parser.executor.DouYinExecutor - 开始抖音HTML解析
2025-12-21 23:50:51 [main] INFO  c.f.parser.executor.DouYinExecutor - HTML检测视频: false
2025-12-21 23:50:51 [main] INFO  com.flower.parser.test.ParserTest - 初始化测试环境...
2025-12-21 23:50:51 [main] INFO  com.flower.parser.ParserManager - 初始化解析管理器...
2025-12-21 23:50:51 [main] INFO  com.flower.parser.ParserManager - 解析管理器初始化完成
2025-12-21 23:50:51 [main] INFO  com.flower.parser.test.ParserTest - 测试环境初始化完成
2025-12-21 23:50:51 [main] INFO  com.flower.parser.test.ParserTest - 测试B站解析功能...
2025-12-21 23:50:51 [main] INFO  com.flower.parser.ParserManager - 解析开始~原地址: https://www.bilibili.com/video/BV1Xx411Z7xx
2025-12-21 23:50:51 [main] INFO  com.flower.parser.ParserManager - 检测到B站平台，开始解析
2025-12-21 23:50:51 [main] INFO  c.f.parser.executor.BilibiliExecutor - 开始处理B站URL: https://www.bilibili.com/video/BV1Xx411Z7xx
2025-12-21 23:50:51 [main] INFO  c.f.parser.executor.BilibiliExecutor - 成功获取B站页面内容，长度: 165646
2025-12-21 23:50:51 [main] INFO  c.f.parser.executor.BilibiliExecutor - 提取JSON字符串，长度: null
2025-12-21 23:50:51 [main] WARN  c.f.parser.executor.BilibiliExecutor - 未提取到JSON数据，使用HTML解析
2025-12-21 23:50:51 [main] INFO  c.f.parser.executor.BilibiliExecutor - 开始B站HTML解析
2025-12-21 23:50:52 [main] INFO  c.f.parser.executor.BilibiliExecutor - HTML解析未找到视频URL
2025-12-21 23:50:52 [main] INFO  c.f.parser.executor.BilibiliExecutor - B站HTML解析完成
2025-12-21 23:50:52 [main] INFO  com.flower.parser.ParserManager - 解析结束~
2025-12-21 23:50:52 [main] INFO  com.flower.parser.test.ParserTest - B站解析测试完成
2025-12-21 23:50:52 [main] INFO  com.flower.parser.test.ParserTest - 初始化测试环境...
2025-12-21 23:50:52 [main] INFO  com.flower.parser.ParserManager - 初始化解析管理器...
2025-12-21 23:50:52 [main] INFO  com.flower.parser.ParserManager - 解析管理器初始化完成
2025-12-21 23:50:52 [main] INFO  com.flower.parser.test.ParserTest - 测试环境初始化完成
2025-12-21 23:50:52 [main] INFO  com.flower.parser.test.ParserTest - 测试无效URL处理...
2025-12-21 23:50:52 [main] ERROR com.flower.parser.ParserManager - 无效的URL: 未提供URL
2025-12-21 23:50:52 [main] ERROR com.flower.parser.ParserManager - 无效的URL: 未提供URL
2025-12-21 23:50:52 [main] INFO  com.flower.parser.test.ParserTest - 无效URL处理测试完成
